  Skeleton.cpp
C:\Users\dyata\OneDrive\Dokumentumok\BME\7.félév\grafika\hf1\Programs\Skeleton\Skeleton\framework.h(167,17): warning C4996: 'fopen': This function or variable may be unsafe. Consider using fopen_s instead. To disable deprecation, use _CRT_SECURE_NO_WARNINGS. See online help for details.
C:\Users\dyata\OneDrive\Dokumentumok\BME\7.félév\grafika\hf1\Programs\Skeleton\Skeleton\Skeleton.cpp(173,32): warning C4244: 'return': conversion from 'float' to 'int', possible loss of data
C:\Users\dyata\OneDrive\Dokumentumok\BME\7.félév\grafika\hf1\Programs\Skeleton\Skeleton\Skeleton.cpp(236,4): warning C4244: 'return': conversion from 'double' to 'float', possible loss of data
C:\Users\dyata\OneDrive\Dokumentumok\BME\7.félév\grafika\hf1\Programs\Skeleton\Skeleton\Skeleton.cpp(246,22): warning C4018: '<': signed/unsigned mismatch
C:\Users\dyata\OneDrive\Dokumentumok\BME\7.félév\grafika\hf1\Programs\Skeleton\Skeleton\Skeleton.cpp(253,20): warning C4244: '=': conversion from 'int' to 'float', possible loss of data
C:\Users\dyata\OneDrive\Dokumentumok\BME\7.félév\grafika\hf1\Programs\Skeleton\Skeleton\Skeleton.cpp(256,57): warning C4244: 'argument': conversion from 'float' to 'int', possible loss of data
C:\Users\dyata\OneDrive\Dokumentumok\BME\7.félév\grafika\hf1\Programs\Skeleton\Skeleton\Skeleton.cpp(289,22): warning C4018: '<': signed/unsigned mismatch
C:\Users\dyata\OneDrive\Dokumentumok\BME\7.félév\grafika\hf1\Programs\Skeleton\Skeleton\Skeleton.cpp(339,22): warning C4018: '<': signed/unsigned mismatch
C:\Users\dyata\OneDrive\Dokumentumok\BME\7.félév\grafika\hf1\Programs\Skeleton\Skeleton\Skeleton.cpp(350,23): warning C4244: 'return': conversion from 'int' to 'float', possible loss of data
C:\Users\dyata\OneDrive\Dokumentumok\BME\7.félév\grafika\hf1\Programs\Skeleton\Skeleton\Skeleton.cpp(392,21): warning C4018: '<=': signed/unsigned mismatch
C:\Users\dyata\OneDrive\Dokumentumok\BME\7.félév\grafika\hf1\Programs\Skeleton\Skeleton\Skeleton.cpp(400,21): warning C4018: '<': signed/unsigned mismatch
C:\Users\dyata\OneDrive\Dokumentumok\BME\7.félév\grafika\hf1\Programs\Skeleton\Skeleton\Skeleton.cpp(415,21): warning C4018: '<': signed/unsigned mismatch
C:\Users\dyata\OneDrive\Dokumentumok\BME\7.félév\grafika\hf1\Programs\Skeleton\Skeleton\Skeleton.cpp(417,32): warning C4244: '+=': conversion from 'double' to 'int', possible loss of data
C:\Users\dyata\OneDrive\Dokumentumok\BME\7.félév\grafika\hf1\Programs\Skeleton\Skeleton\Skeleton.cpp(419,32): warning C4244: '+=': conversion from 'double' to 'int', possible loss of data
C:\Users\dyata\OneDrive\Dokumentumok\BME\7.félév\grafika\hf1\Programs\Skeleton\Skeleton\Skeleton.cpp(455,22): warning C4018: '<': signed/unsigned mismatch
C:\Users\dyata\OneDrive\Dokumentumok\BME\7.félév\grafika\hf1\Programs\Skeleton\Skeleton\Skeleton.cpp(462,22): warning C4018: '<': signed/unsigned mismatch
  Generating code
  2 of 278 functions ( 0.7%) were compiled, the rest were copied from previous compilation.
    0 functions were new in current compilation
    8 functions had inline decision re-evaluated but remain unchanged
  Finished generating code
  Skeleton.vcxproj -> C:\Users\dyata\OneDrive\Dokumentumok\BME\7.félév\grafika\hf1\Programs\Skeleton\bin\Skeleton.exe
